Time resolution is 1 ps
 Block Memory Generator module loading initial data...
 Block Memory Generator data initialization complete.
Block Memory Generator module testbench.UUT.ram1.inst.\native_mem_module.blk_mem_gen_v8_4_5_inst  is using a behavioral model for simulation which will not precisely model memory collision behavior.
Block Memory Generator module testbench.UUT.ram2.inst.\native_mem_module.blk_mem_gen_v8_4_5_inst  is using a behavioral model for simulation which will not precisely model memory collision behavior.
blk_mem_gen_v8_4_5 WARNING: Address 82 is outside range for A Read
blk_mem_gen_v8_4_5 WARNING: Address 82 is outside range for A Read
blk_mem_gen_v8_4_5 WARNING: Address 83 is outside range for A Read
blk_mem_gen_v8_4_5 WARNING: Address 82 is outside range for A Read
blk_mem_gen_v8_4_5 WARNING: Address 83 is outside range for A Read
blk_mem_gen_v8_4_5 WARNING: Address 84 is outside range for A Read
blk_mem_gen_v8_4_5 WARNING: Address 82 is outside range for A Read
blk_mem_gen_v8_4_5 WARNING: Address 83 is outside range for A Read
blk_mem_gen_v8_4_5 WARNING: Address 84 is outside range for A Read
blk_mem_gen_v8_4_5 WARNING: Address 85 is outside range for A Read
blk_mem_gen_v8_4_5 WARNING: Address 83 is outside range for A Read
blk_mem_gen_v8_4_5 WARNING: Address 84 is outside range for A Read
blk_mem_gen_v8_4_5 WARNING: Address 85 is outside range for A Read
blk_mem_gen_v8_4_5 WARNING: Address 86 is outside range for A Read
blk_mem_gen_v8_4_5 WARNING: Address 84 is outside range for A Read
blk_mem_gen_v8_4_5 WARNING: Address 85 is outside range for A Read
blk_mem_gen_v8_4_5 WARNING: Address 86 is outside range for A Read
blk_mem_gen_v8_4_5 WARNING: Address 87 is outside range for A Read
blk_mem_gen_v8_4_5 WARNING: Address 85 is outside range for A Read
blk_mem_gen_v8_4_5 WARNING: Address 86 is outside range for A Read
blk_mem_gen_v8_4_5 WARNING: Address 87 is outside range for A Read
blk_mem_gen_v8_4_5 WARNING: Address 88 is outside range for A Read
blk_mem_gen_v8_4_5 WARNING: Address 86 is outside range for A Read
blk_mem_gen_v8_4_5 WARNING: Address 87 is outside range for A Read
blk_mem_gen_v8_4_5 WARNING: Address 88 is outside range for A Read
blk_mem_gen_v8_4_5 WARNING: Address 89 is outside range for A Read
blk_mem_gen_v8_4_5 WARNING: Address 87 is outside range for A Read
blk_mem_gen_v8_4_5 WARNING: Address 88 is outside range for A Read
blk_mem_gen_v8_4_5 WARNING: Address 89 is outside range for A Read
blk_mem_gen_v8_4_5 WARNING: Address 8a is outside range for A Read
blk_mem_gen_v8_4_5 WARNING: Address 88 is outside range for A Read
blk_mem_gen_v8_4_5 WARNING: Address 89 is outside range for A Read
blk_mem_gen_v8_4_5 WARNING: Address 8a is outside range for A Read
blk_mem_gen_v8_4_5 WARNING: Address 8b is outside range for A Read
blk_mem_gen_v8_4_5 WARNING: Address 89 is outside range for A Read
